[2024-03-26 20:52:10] [INFO] [create_live_page.py]/[line: 28]/[create_live] 输入直播名称 
[2024-03-26 20:52:10] [INFO] [create_live_page.py]/[line: 30]/[create_live] 输入直播介绍 
[2024-03-26 20:52:10] [INFO] [create_live_page.py]/[line: 32]/[create_live] 向下滑动屏幕 
[2024-03-26 20:52:10] [INFO] [create_live_page.py]/[line: 34]/[create_live] 点击选择老师 
[2024-03-26 20:52:10] [INFO] [create_live_page.py]/[line: 36]/[create_live] 选择老师 
[2024-03-26 20:52:11] [INFO] [create_live_page.py]/[line: 38]/[create_live] 点击请选择教室 
[2024-03-26 20:53:45] [INFO] [create_live_page.py]/[line: 28]/[create_live] 输入直播名称 
[2024-03-26 20:53:45] [INFO] [create_live_page.py]/[line: 30]/[create_live] 输入直播介绍 
[2024-03-26 20:53:45] [INFO] [create_live_page.py]/[line: 32]/[create_live] 向下滑动屏幕 
[2024-03-26 20:53:45] [INFO] [create_live_page.py]/[line: 34]/[create_live] 点击选择老师 
[2024-03-26 20:53:46] [INFO] [create_live_page.py]/[line: 36]/[create_live] 选择老师 
[2024-03-26 20:53:46] [INFO] [create_live_page.py]/[line: 38]/[create_live] 点击请选择教室 
[2024-03-26 20:53:46] [INFO] [create_live_page.py]/[line: 41]/[create_live] 选择教室 
[2024-03-26 20:53:46] [INFO] [create_live_page.py]/[line: 43]/[create_live] 点击保存 
[2024-03-26 20:53:48] [INFO] [create_live_page.py]/[line: 50]/[get_operate_result] 获取冒泡消息文本 
[2024-03-26 20:53:48] [INFO] [create_live_page.py]/[line: 53]/[get_operate_result] 冒泡信息为：直播信息保存成功 
[2024-03-26 20:53:48] [INFO] [create_live_page.py]/[line: 58]/[click_live_manage] 点击直播管理,跳转到直播列表页面，清理数据 
[2024-03-26 20:53:48] [INFO] [live_list_page.py]/[line: 29]/[delete_live] 点击删除按钮 
[2024-03-26 20:53:49] [INFO] [live_list_page.py]/[line: 31]/[delete_live] 弹框点击确定 
[2024-03-26 20:53:51] [INFO] [create_live_page.py]/[line: 28]/[create_live] 输入直播名称 
[2024-03-26 20:53:52] [INFO] [create_live_page.py]/[line: 30]/[create_live] 输入直播介绍 
[2024-03-26 20:53:52] [INFO] [create_live_page.py]/[line: 32]/[create_live] 向下滑动屏幕 
[2024-03-26 20:53:52] [INFO] [create_live_page.py]/[line: 34]/[create_live] 点击选择老师 
[2024-03-26 20:53:52] [INFO] [create_live_page.py]/[line: 36]/[create_live] 选择老师 
[2024-03-26 20:53:52] [INFO] [create_live_page.py]/[line: 38]/[create_live] 点击请选择教室 
[2024-03-26 20:57:08] [INFO] [create_live_page.py]/[line: 28]/[create_live] 输入直播名称 
[2024-03-26 20:57:08] [INFO] [create_live_page.py]/[line: 30]/[create_live] 输入直播介绍 
[2024-03-26 20:57:08] [INFO] [create_live_page.py]/[line: 32]/[create_live] 向下滑动屏幕 
[2024-03-26 20:57:08] [INFO] [create_live_page.py]/[line: 34]/[create_live] 点击选择老师 
[2024-03-26 20:57:09] [INFO] [create_live_page.py]/[line: 36]/[create_live] 选择老师 
[2024-03-26 20:57:09] [INFO] [create_live_page.py]/[line: 38]/[create_live] 点击请选择教室 
[2024-03-26 20:57:10] [INFO] [create_live_page.py]/[line: 42]/[create_live] 选择教室 
[2024-03-26 20:57:10] [INFO] [create_live_page.py]/[line: 44]/[create_live] 点击保存 
[2024-03-26 20:57:12] [INFO] [create_live_page.py]/[line: 51]/[get_operate_result] 获取冒泡消息文本 
[2024-03-26 20:57:12] [INFO] [create_live_page.py]/[line: 54]/[get_operate_result] 冒泡信息为：直播信息保存成功 
[2024-03-26 20:57:12] [INFO] [create_live_page.py]/[line: 59]/[click_live_manage] 点击直播管理,跳转到直播列表页面，清理数据 
[2024-03-26 20:57:13] [INFO] [live_list_page.py]/[line: 29]/[delete_live] 点击删除按钮 
[2024-03-26 20:57:14] [INFO] [live_list_page.py]/[line: 31]/[delete_live] 弹框点击确定 
[2024-03-26 20:57:16] [INFO] [create_live_page.py]/[line: 28]/[create_live] 输入直播名称 
[2024-03-26 20:57:16] [INFO] [create_live_page.py]/[line: 30]/[create_live] 输入直播介绍 
[2024-03-26 20:57:16] [INFO] [create_live_page.py]/[line: 32]/[create_live] 向下滑动屏幕 
[2024-03-26 20:57:16] [INFO] [create_live_page.py]/[line: 34]/[create_live] 点击选择老师 
[2024-03-26 20:57:16] [INFO] [create_live_page.py]/[line: 36]/[create_live] 选择老师 
[2024-03-26 20:57:16] [INFO] [create_live_page.py]/[line: 38]/[create_live] 点击请选择教室 
[2024-03-26 20:57:17] [INFO] [create_live_page.py]/[line: 42]/[create_live] 选择教室 
[2024-03-26 20:57:17] [INFO] [create_live_page.py]/[line: 44]/[create_live] 点击保存 
[2024-03-26 20:57:19] [INFO] [create_live_page.py]/[line: 59]/[click_live_manage] 点击直播管理,跳转到直播列表页面，清理数据 
[2024-03-26 20:57:20] [INFO] [live_list_page.py]/[line: 29]/[delete_live] 点击删除按钮 
[2024-03-26 20:57:21] [INFO] [live_list_page.py]/[line: 31]/[delete_live] 弹框点击确定 
[2024-03-26 20:57:21] [INFO] [live_list_page.py]/[line: 38]/[get_del_result] 获取冒泡消息文本 
[2024-03-26 20:57:23] [INFO] [live_list_page.py]/[line: 42]/[get_del_result] 冒泡信息为：直播删除成功 
[2024-03-26 23:05:41] [INFO] [create_live_page.py]/[line: 28]/[create_live] 输入直播名称 
[2024-03-26 23:05:41] [INFO] [create_live_page.py]/[line: 30]/[create_live] 输入直播介绍 
[2024-03-26 23:05:41] [INFO] [create_live_page.py]/[line: 32]/[create_live] 向下滑动屏幕 
[2024-03-26 23:05:41] [INFO] [create_live_page.py]/[line: 34]/[create_live] 点击选择老师 
[2024-03-26 23:05:41] [INFO] [create_live_page.py]/[line: 36]/[create_live] 选择老师 
[2024-03-26 23:06:28] [INFO] [create_live_page.py]/[line: 28]/[create_live] 输入直播名称 
[2024-03-26 23:06:28] [INFO] [create_live_page.py]/[line: 30]/[create_live] 输入直播介绍 
[2024-03-26 23:06:28] [INFO] [create_live_page.py]/[line: 32]/[create_live] 向下滑动屏幕 
[2024-03-26 23:06:28] [INFO] [create_live_page.py]/[line: 34]/[create_live] 点击选择老师 
[2024-03-26 23:06:28] [INFO] [create_live_page.py]/[line: 36]/[create_live] 选择老师 
[2024-03-26 23:06:29] [INFO] [create_live_page.py]/[line: 38]/[create_live] 点击请选择教室 
[2024-03-26 23:06:30] [INFO] [create_live_page.py]/[line: 42]/[create_live] 选择教室 
[2024-03-26 23:06:30] [INFO] [create_live_page.py]/[line: 44]/[create_live] 点击保存 
[2024-03-26 23:06:32] [INFO] [create_live_page.py]/[line: 51]/[get_operate_result] 获取冒泡消息文本 
[2024-03-26 23:06:32] [INFO] [create_live_page.py]/[line: 54]/[get_operate_result] 冒泡信息为：直播信息保存成功 
[2024-03-26 23:06:32] [INFO] [create_live_page.py]/[line: 59]/[click_live_manage] 点击直播管理,跳转到直播列表页面，清理数据 
[2024-03-26 23:06:32] [INFO] [live_list_page.py]/[line: 29]/[delete_live] 点击删除按钮 
[2024-03-26 23:06:33] [INFO] [live_list_page.py]/[line: 31]/[delete_live] 弹框点击确定 
[2024-03-26 23:06:35] [INFO] [create_live_page.py]/[line: 28]/[create_live] 输入直播名称 
[2024-03-26 23:06:35] [INFO] [create_live_page.py]/[line: 30]/[create_live] 输入直播介绍 
[2024-03-26 23:06:35] [INFO] [create_live_page.py]/[line: 32]/[create_live] 向下滑动屏幕 
[2024-03-26 23:06:35] [INFO] [create_live_page.py]/[line: 34]/[create_live] 点击选择老师 
[2024-03-26 23:06:35] [INFO] [create_live_page.py]/[line: 36]/[create_live] 选择老师 
[2024-03-26 23:06:36] [INFO] [create_live_page.py]/[line: 38]/[create_live] 点击请选择教室 
[2024-03-26 23:06:37] [INFO] [create_live_page.py]/[line: 42]/[create_live] 选择教室 
[2024-03-26 23:06:37] [INFO] [create_live_page.py]/[line: 44]/[create_live] 点击保存 
[2024-03-26 23:06:39] [INFO] [create_live_page.py]/[line: 59]/[click_live_manage] 点击直播管理,跳转到直播列表页面，清理数据 
[2024-03-26 23:06:39] [INFO] [live_list_page.py]/[line: 29]/[delete_live] 点击删除按钮 
[2024-03-26 23:06:40] [INFO] [live_list_page.py]/[line: 31]/[delete_live] 弹框点击确定 
[2024-03-26 23:06:40] [INFO] [live_list_page.py]/[line: 38]/[get_del_result] 获取冒泡消息文本 
[2024-03-26 23:06:42] [INFO] [live_list_page.py]/[line: 42]/[get_del_result] 冒泡信息为：直播删除成功 
[2024-03-27 12:35:09] [INFO] [create_live_page.py]/[line: 28]/[create_live] 输入直播名称 
[2024-03-27 12:35:09] [INFO] [create_live_page.py]/[line: 30]/[create_live] 输入直播介绍 
[2024-03-27 12:35:09] [INFO] [create_live_page.py]/[line: 32]/[create_live] 向下滑动屏幕 
[2024-03-27 12:35:09] [INFO] [create_live_page.py]/[line: 34]/[create_live] 点击选择老师 
[2024-03-27 12:35:09] [INFO] [create_live_page.py]/[line: 36]/[create_live] 选择老师 
[2024-03-27 12:36:00] [INFO] [create_live_page.py]/[line: 28]/[create_live] 输入直播名称 
[2024-03-27 12:36:01] [INFO] [create_live_page.py]/[line: 30]/[create_live] 输入直播介绍 
[2024-03-27 12:36:01] [INFO] [create_live_page.py]/[line: 32]/[create_live] 向下滑动屏幕 
[2024-03-27 12:36:01] [INFO] [create_live_page.py]/[line: 34]/[create_live] 点击选择老师 
[2024-03-27 12:36:01] [INFO] [create_live_page.py]/[line: 36]/[create_live] 选择老师 
[2024-03-27 12:36:01] [INFO] [create_live_page.py]/[line: 38]/[create_live] 点击请选择教室 
[2024-03-27 12:39:17] [INFO] [create_live_page.py]/[line: 28]/[create_live] 输入直播名称 
[2024-03-27 12:39:17] [INFO] [create_live_page.py]/[line: 30]/[create_live] 输入直播介绍 
[2024-03-27 12:39:17] [INFO] [create_live_page.py]/[line: 32]/[create_live] 向下滑动屏幕 
[2024-03-27 12:39:17] [INFO] [create_live_page.py]/[line: 34]/[create_live] 点击选择老师 
[2024-03-27 12:39:18] [INFO] [create_live_page.py]/[line: 36]/[create_live] 选择老师 
[2024-03-27 12:39:18] [INFO] [create_live_page.py]/[line: 38]/[create_live] 点击请选择教室 
[2024-03-27 12:39:19] [INFO] [create_live_page.py]/[line: 42]/[create_live] 选择教室 
[2024-03-27 12:39:19] [INFO] [create_live_page.py]/[line: 44]/[create_live] 点击保存 
[2024-03-27 12:39:21] [INFO] [create_live_page.py]/[line: 51]/[get_operate_result] 获取冒泡消息文本 
[2024-03-27 12:39:21] [INFO] [create_live_page.py]/[line: 54]/[get_operate_result] 冒泡信息为：直播信息保存成功 
[2024-03-27 12:39:21] [INFO] [create_live_page.py]/[line: 59]/[click_live_manage] 点击直播管理,跳转到直播列表页面，清理数据 
[2024-03-27 12:39:21] [INFO] [live_list_page.py]/[line: 29]/[delete_live] 点击删除按钮 
[2024-03-27 12:39:22] [INFO] [live_list_page.py]/[line: 31]/[delete_live] 弹框点击确定 
[2024-03-27 12:39:24] [INFO] [create_live_page.py]/[line: 28]/[create_live] 输入直播名称 
[2024-03-27 12:39:24] [INFO] [create_live_page.py]/[line: 30]/[create_live] 输入直播介绍 
[2024-03-27 12:39:24] [INFO] [create_live_page.py]/[line: 32]/[create_live] 向下滑动屏幕 
[2024-03-27 12:39:24] [INFO] [create_live_page.py]/[line: 34]/[create_live] 点击选择老师 
[2024-03-27 12:39:25] [INFO] [create_live_page.py]/[line: 36]/[create_live] 选择老师 
[2024-03-27 12:39:25] [INFO] [create_live_page.py]/[line: 38]/[create_live] 点击请选择教室 
[2024-03-27 12:39:26] [INFO] [create_live_page.py]/[line: 42]/[create_live] 选择教室 
[2024-03-27 12:39:26] [INFO] [create_live_page.py]/[line: 44]/[create_live] 点击保存 
[2024-03-27 12:39:28] [INFO] [create_live_page.py]/[line: 59]/[click_live_manage] 点击直播管理,跳转到直播列表页面，清理数据 
[2024-03-27 12:39:28] [INFO] [live_list_page.py]/[line: 29]/[delete_live] 点击删除按钮 
[2024-03-27 12:39:29] [INFO] [live_list_page.py]/[line: 31]/[delete_live] 弹框点击确定 
[2024-03-27 12:39:29] [INFO] [live_list_page.py]/[line: 38]/[get_del_result] 获取冒泡消息文本 
[2024-03-27 12:39:31] [INFO] [live_list_page.py]/[line: 42]/[get_del_result] 冒泡信息为：直播删除成功 
[2024-03-27 17:43:17] [INFO] [create_live_page.py]/[line: 28]/[create_live] 输入直播名称 
[2024-03-27 17:43:17] [INFO] [create_live_page.py]/[line: 30]/[create_live] 输入直播介绍 
[2024-03-27 17:43:17] [INFO] [create_live_page.py]/[line: 32]/[create_live] 向下滑动屏幕 
[2024-03-27 17:43:17] [INFO] [create_live_page.py]/[line: 34]/[create_live] 点击选择老师 
[2024-03-27 17:43:17] [INFO] [create_live_page.py]/[line: 36]/[create_live] 选择老师 
[2024-03-27 17:43:17] [INFO] [create_live_page.py]/[line: 38]/[create_live] 点击请选择教室 
[2024-03-27 17:43:19] [INFO] [create_live_page.py]/[line: 42]/[create_live] 选择教室 
[2024-03-27 17:43:19] [INFO] [create_live_page.py]/[line: 44]/[create_live] 点击保存 
[2024-03-27 17:43:21] [INFO] [create_live_page.py]/[line: 51]/[get_operate_result] 获取冒泡消息文本 
[2024-03-27 17:43:21] [INFO] [create_live_page.py]/[line: 54]/[get_operate_result] 冒泡信息为：直播信息保存成功 
[2024-03-27 17:43:21] [INFO] [create_live_page.py]/[line: 59]/[click_live_manage] 点击直播管理,跳转到直播列表页面，清理数据 
[2024-03-27 17:43:21] [INFO] [live_list_page.py]/[line: 29]/[delete_live] 点击删除按钮 
[2024-03-27 17:43:22] [INFO] [live_list_page.py]/[line: 31]/[delete_live] 弹框点击确定 
[2024-03-27 17:43:24] [INFO] [create_live_page.py]/[line: 28]/[create_live] 输入直播名称 
[2024-03-27 17:43:24] [INFO] [create_live_page.py]/[line: 30]/[create_live] 输入直播介绍 
[2024-03-27 17:43:24] [INFO] [create_live_page.py]/[line: 32]/[create_live] 向下滑动屏幕 
[2024-03-27 17:43:24] [INFO] [create_live_page.py]/[line: 34]/[create_live] 点击选择老师 
[2024-03-27 17:43:24] [INFO] [create_live_page.py]/[line: 36]/[create_live] 选择老师 
[2024-03-27 17:43:24] [INFO] [create_live_page.py]/[line: 38]/[create_live] 点击请选择教室 
[2024-03-27 17:43:26] [INFO] [create_live_page.py]/[line: 42]/[create_live] 选择教室 
[2024-03-27 17:43:26] [INFO] [create_live_page.py]/[line: 44]/[create_live] 点击保存 
[2024-03-27 17:43:28] [INFO] [create_live_page.py]/[line: 59]/[click_live_manage] 点击直播管理,跳转到直播列表页面，清理数据 
[2024-03-27 17:43:28] [INFO] [live_list_page.py]/[line: 29]/[delete_live] 点击删除按钮 
[2024-03-27 17:43:29] [INFO] [live_list_page.py]/[line: 31]/[delete_live] 弹框点击确定 
[2024-03-27 17:43:29] [INFO] [live_list_page.py]/[line: 38]/[get_del_result] 获取冒泡消息文本 
[2024-03-27 17:43:31] [INFO] [live_list_page.py]/[line: 42]/[get_del_result] 冒泡信息为：直播删除成功 
[2024-03-27 18:14:19] [INFO] [create_live_page.py]/[line: 28]/[create_live] 输入直播名称 
[2024-03-27 18:14:19] [INFO] [create_live_page.py]/[line: 30]/[create_live] 输入直播介绍 
[2024-03-27 18:14:19] [INFO] [create_live_page.py]/[line: 32]/[create_live] 向下滑动屏幕 
[2024-03-27 18:14:19] [INFO] [create_live_page.py]/[line: 34]/[create_live] 点击选择老师 
[2024-03-27 18:14:19] [INFO] [create_live_page.py]/[line: 36]/[create_live] 选择老师 
[2024-03-27 18:14:19] [INFO] [create_live_page.py]/[line: 38]/[create_live] 点击请选择教室 
[2024-03-27 18:14:20] [INFO] [create_live_page.py]/[line: 42]/[create_live] 选择教室 
[2024-03-27 18:14:20] [INFO] [create_live_page.py]/[line: 44]/[create_live] 点击保存 
[2024-03-27 18:14:23] [INFO] [create_live_page.py]/[line: 51]/[get_operate_result] 获取冒泡消息文本 
[2024-03-27 18:14:23] [INFO] [create_live_page.py]/[line: 54]/[get_operate_result] 冒泡信息为：直播信息保存成功 
[2024-03-27 18:14:23] [INFO] [create_live_page.py]/[line: 59]/[click_live_manage] 点击直播管理,跳转到直播列表页面，清理数据 
[2024-03-27 18:14:23] [INFO] [live_list_page.py]/[line: 29]/[delete_live] 点击删除按钮 
[2024-03-27 18:14:24] [INFO] [live_list_page.py]/[line: 31]/[delete_live] 弹框点击确定 
[2024-03-27 18:14:26] [INFO] [create_live_page.py]/[line: 28]/[create_live] 输入直播名称 
[2024-03-27 18:14:26] [INFO] [create_live_page.py]/[line: 30]/[create_live] 输入直播介绍 
[2024-03-27 18:14:26] [INFO] [create_live_page.py]/[line: 32]/[create_live] 向下滑动屏幕 
[2024-03-27 18:14:26] [INFO] [create_live_page.py]/[line: 34]/[create_live] 点击选择老师 
[2024-03-27 18:14:26] [INFO] [create_live_page.py]/[line: 36]/[create_live] 选择老师 
[2024-03-27 18:14:26] [INFO] [create_live_page.py]/[line: 38]/[create_live] 点击请选择教室 
[2024-03-27 18:14:28] [INFO] [create_live_page.py]/[line: 42]/[create_live] 选择教室 
[2024-03-27 18:14:28] [INFO] [create_live_page.py]/[line: 44]/[create_live] 点击保存 
[2024-03-27 18:14:30] [INFO] [create_live_page.py]/[line: 59]/[click_live_manage] 点击直播管理,跳转到直播列表页面，清理数据 
[2024-03-27 18:14:30] [INFO] [live_list_page.py]/[line: 29]/[delete_live] 点击删除按钮 
[2024-03-27 18:14:31] [INFO] [live_list_page.py]/[line: 31]/[delete_live] 弹框点击确定 
[2024-03-27 18:14:31] [INFO] [live_list_page.py]/[line: 38]/[get_del_result] 获取冒泡消息文本 
[2024-03-27 18:14:33] [INFO] [live_list_page.py]/[line: 42]/[get_del_result] 冒泡信息为：直播删除成功 
[2024-03-27 18:14:54] [INFO] [create_live_page.py]/[line: 28]/[create_live] 输入直播名称 
[2024-03-27 18:14:54] [INFO] [create_live_page.py]/[line: 30]/[create_live] 输入直播介绍 
[2024-03-27 18:14:54] [INFO] [create_live_page.py]/[line: 32]/[create_live] 向下滑动屏幕 
[2024-03-27 18:14:54] [INFO] [create_live_page.py]/[line: 34]/[create_live] 点击选择老师 
[2024-03-27 18:14:54] [INFO] [create_live_page.py]/[line: 36]/[create_live] 选择老师 
[2024-03-27 18:14:55] [INFO] [create_live_page.py]/[line: 38]/[create_live] 点击请选择教室 
[2024-03-27 18:14:56] [INFO] [create_live_page.py]/[line: 42]/[create_live] 选择教室 
[2024-03-27 18:14:56] [INFO] [create_live_page.py]/[line: 44]/[create_live] 点击保存 
[2024-03-27 18:14:58] [INFO] [create_live_page.py]/[line: 51]/[get_operate_result] 获取冒泡消息文本 
[2024-03-27 18:14:58] [INFO] [create_live_page.py]/[line: 54]/[get_operate_result] 冒泡信息为：直播信息保存成功 
[2024-03-27 18:14:58] [INFO] [create_live_page.py]/[line: 59]/[click_live_manage] 点击直播管理,跳转到直播列表页面，清理数据 
[2024-03-27 18:14:59] [INFO] [live_list_page.py]/[line: 29]/[delete_live] 点击删除按钮 
[2024-03-27 18:15:00] [INFO] [live_list_page.py]/[line: 31]/[delete_live] 弹框点击确定 
[2024-03-27 18:15:02] [INFO] [create_live_page.py]/[line: 28]/[create_live] 输入直播名称 
[2024-03-27 18:15:02] [INFO] [create_live_page.py]/[line: 30]/[create_live] 输入直播介绍 
[2024-03-27 18:15:02] [INFO] [create_live_page.py]/[line: 32]/[create_live] 向下滑动屏幕 
[2024-03-27 18:15:02] [INFO] [create_live_page.py]/[line: 34]/[create_live] 点击选择老师 
[2024-03-27 18:15:03] [INFO] [create_live_page.py]/[line: 36]/[create_live] 选择老师 
[2024-03-27 18:15:03] [INFO] [create_live_page.py]/[line: 38]/[create_live] 点击请选择教室 
[2024-03-27 18:15:04] [INFO] [create_live_page.py]/[line: 42]/[create_live] 选择教室 
[2024-03-27 18:15:04] [INFO] [create_live_page.py]/[line: 44]/[create_live] 点击保存 
[2024-03-27 18:15:06] [INFO] [create_live_page.py]/[line: 59]/[click_live_manage] 点击直播管理,跳转到直播列表页面，清理数据 
[2024-03-27 18:15:07] [INFO] [live_list_page.py]/[line: 29]/[delete_live] 点击删除按钮 
[2024-03-27 18:15:08] [INFO] [live_list_page.py]/[line: 31]/[delete_live] 弹框点击确定 
[2024-03-27 18:15:08] [INFO] [live_list_page.py]/[line: 38]/[get_del_result] 获取冒泡消息文本 
[2024-03-27 18:15:10] [INFO] [live_list_page.py]/[line: 42]/[get_del_result] 冒泡信息为：直播删除成功 
[2024-03-27 18:18:42] [INFO] [create_live_page.py]/[line: 28]/[create_live] 输入直播名称 
[2024-03-27 18:18:42] [INFO] [create_live_page.py]/[line: 30]/[create_live] 输入直播介绍 
[2024-03-27 18:18:42] [INFO] [create_live_page.py]/[line: 32]/[create_live] 向下滑动屏幕 
[2024-03-27 18:18:42] [INFO] [create_live_page.py]/[line: 34]/[create_live] 点击选择老师 
[2024-03-27 18:18:42] [INFO] [create_live_page.py]/[line: 36]/[create_live] 选择老师 
[2024-03-27 18:18:43] [INFO] [create_live_page.py]/[line: 38]/[create_live] 点击请选择教室 
[2024-03-27 18:18:44] [INFO] [create_live_page.py]/[line: 42]/[create_live] 选择教室 
[2024-03-27 18:18:44] [INFO] [create_live_page.py]/[line: 44]/[create_live] 点击保存 
[2024-03-27 18:18:46] [INFO] [create_live_page.py]/[line: 51]/[get_operate_result] 获取冒泡消息文本 
[2024-03-27 18:18:46] [INFO] [create_live_page.py]/[line: 54]/[get_operate_result] 冒泡信息为：直播信息保存成功 
[2024-03-27 18:18:46] [INFO] [create_live_page.py]/[line: 59]/[click_live_manage] 点击直播管理,跳转到直播列表页面，清理数据 
[2024-03-27 18:18:47] [INFO] [live_list_page.py]/[line: 29]/[delete_live] 点击删除按钮 
[2024-03-27 18:18:48] [INFO] [live_list_page.py]/[line: 31]/[delete_live] 弹框点击确定 
[2024-03-27 18:18:50] [INFO] [create_live_page.py]/[line: 28]/[create_live] 输入直播名称 
[2024-03-27 18:18:50] [INFO] [create_live_page.py]/[line: 30]/[create_live] 输入直播介绍 
[2024-03-27 18:18:50] [INFO] [create_live_page.py]/[line: 32]/[create_live] 向下滑动屏幕 
[2024-03-27 18:18:51] [INFO] [create_live_page.py]/[line: 34]/[create_live] 点击选择老师 
[2024-03-27 18:18:51] [INFO] [create_live_page.py]/[line: 36]/[create_live] 选择老师 
[2024-03-27 18:18:51] [INFO] [create_live_page.py]/[line: 38]/[create_live] 点击请选择教室 
[2024-03-27 18:18:52] [INFO] [create_live_page.py]/[line: 42]/[create_live] 选择教室 
[2024-03-27 18:18:53] [INFO] [create_live_page.py]/[line: 44]/[create_live] 点击保存 
[2024-03-27 18:18:55] [INFO] [create_live_page.py]/[line: 59]/[click_live_manage] 点击直播管理,跳转到直播列表页面，清理数据 
[2024-03-27 18:18:55] [INFO] [live_list_page.py]/[line: 29]/[delete_live] 点击删除按钮 
[2024-03-27 18:18:56] [INFO] [live_list_page.py]/[line: 31]/[delete_live] 弹框点击确定 
[2024-03-27 18:18:56] [INFO] [live_list_page.py]/[line: 38]/[get_del_result] 获取冒泡消息文本 
[2024-03-27 18:18:58] [INFO] [live_list_page.py]/[line: 42]/[get_del_result] 冒泡信息为：直播删除成功 
[2024-03-27 18:19:36] [INFO] [create_live_page.py]/[line: 28]/[create_live] 输入直播名称 
[2024-03-27 18:19:37] [INFO] [create_live_page.py]/[line: 30]/[create_live] 输入直播介绍 
[2024-03-27 18:19:37] [INFO] [create_live_page.py]/[line: 32]/[create_live] 向下滑动屏幕 
[2024-03-27 18:19:37] [INFO] [create_live_page.py]/[line: 34]/[create_live] 点击选择老师 
[2024-03-27 18:19:37] [INFO] [create_live_page.py]/[line: 36]/[create_live] 选择老师 
[2024-03-27 18:19:37] [INFO] [create_live_page.py]/[line: 38]/[create_live] 点击请选择教室 
[2024-03-27 18:19:38] [INFO] [create_live_page.py]/[line: 42]/[create_live] 选择教室 
[2024-03-27 18:19:38] [INFO] [create_live_page.py]/[line: 44]/[create_live] 点击保存 
[2024-03-27 18:19:40] [INFO] [create_live_page.py]/[line: 51]/[get_operate_result] 获取冒泡消息文本 
[2024-03-27 18:19:40] [INFO] [create_live_page.py]/[line: 54]/[get_operate_result] 冒泡信息为：直播信息保存成功 
[2024-03-27 18:19:40] [INFO] [create_live_page.py]/[line: 59]/[click_live_manage] 点击直播管理,跳转到直播列表页面，清理数据 
[2024-03-27 18:19:40] [INFO] [live_list_page.py]/[line: 29]/[delete_live] 点击删除按钮 
[2024-03-27 18:19:41] [INFO] [live_list_page.py]/[line: 31]/[delete_live] 弹框点击确定 
[2024-03-27 18:19:43] [INFO] [create_live_page.py]/[line: 28]/[create_live] 输入直播名称 
[2024-03-27 18:19:43] [INFO] [create_live_page.py]/[line: 30]/[create_live] 输入直播介绍 
[2024-03-27 18:19:43] [INFO] [create_live_page.py]/[line: 32]/[create_live] 向下滑动屏幕 
[2024-03-27 18:19:44] [INFO] [create_live_page.py]/[line: 34]/[create_live] 点击选择老师 
[2024-03-27 18:19:44] [INFO] [create_live_page.py]/[line: 36]/[create_live] 选择老师 
[2024-03-27 18:19:44] [INFO] [create_live_page.py]/[line: 38]/[create_live] 点击请选择教室 
[2024-03-27 18:19:45] [INFO] [create_live_page.py]/[line: 42]/[create_live] 选择教室 
[2024-03-27 18:19:45] [INFO] [create_live_page.py]/[line: 44]/[create_live] 点击保存 
[2024-03-27 18:19:47] [INFO] [create_live_page.py]/[line: 59]/[click_live_manage] 点击直播管理,跳转到直播列表页面，清理数据 
[2024-03-27 18:19:47] [INFO] [live_list_page.py]/[line: 29]/[delete_live] 点击删除按钮 
[2024-03-27 18:19:48] [INFO] [live_list_page.py]/[line: 31]/[delete_live] 弹框点击确定 
[2024-03-27 18:19:48] [INFO] [live_list_page.py]/[line: 38]/[get_del_result] 获取冒泡消息文本 
[2024-03-27 18:19:50] [INFO] [live_list_page.py]/[line: 42]/[get_del_result] 冒泡信息为：直播删除成功 
[2024-03-28 09:45:32] [INFO] [create_live_page.py]/[line: 28]/[create_live] 输入直播名称 
[2024-03-28 09:45:32] [INFO] [create_live_page.py]/[line: 30]/[create_live] 输入直播介绍 
[2024-03-28 09:45:32] [INFO] [create_live_page.py]/[line: 32]/[create_live] 向下滑动屏幕 
[2024-03-28 09:45:32] [INFO] [create_live_page.py]/[line: 34]/[create_live] 点击选择老师 
[2024-03-28 09:45:32] [INFO] [create_live_page.py]/[line: 36]/[create_live] 选择老师 
[2024-03-28 09:45:32] [INFO] [create_live_page.py]/[line: 38]/[create_live] 点击请选择教室 
[2024-03-28 09:45:33] [INFO] [create_live_page.py]/[line: 42]/[create_live] 选择教室 
[2024-03-28 09:45:33] [INFO] [create_live_page.py]/[line: 44]/[create_live] 点击保存 
[2024-03-28 09:45:35] [INFO] [create_live_page.py]/[line: 51]/[get_operate_result] 获取冒泡消息文本 
[2024-03-28 09:45:35] [INFO] [create_live_page.py]/[line: 54]/[get_operate_result] 冒泡信息为：直播信息保存成功 
[2024-03-28 09:45:35] [INFO] [create_live_page.py]/[line: 59]/[click_live_manage] 点击直播管理,跳转到直播列表页面，清理数据 
[2024-03-28 09:45:35] [INFO] [live_list_page.py]/[line: 29]/[delete_live] 点击删除按钮 
[2024-03-28 09:45:36] [INFO] [live_list_page.py]/[line: 31]/[delete_live] 弹框点击确定 
[2024-03-28 09:45:38] [INFO] [create_live_page.py]/[line: 28]/[create_live] 输入直播名称 
[2024-03-28 09:45:39] [INFO] [create_live_page.py]/[line: 30]/[create_live] 输入直播介绍 
[2024-03-28 09:45:39] [INFO] [create_live_page.py]/[line: 32]/[create_live] 向下滑动屏幕 
[2024-03-28 09:45:39] [INFO] [create_live_page.py]/[line: 34]/[create_live] 点击选择老师 
[2024-03-28 09:45:39] [INFO] [create_live_page.py]/[line: 36]/[create_live] 选择老师 
[2024-03-28 09:45:39] [INFO] [create_live_page.py]/[line: 38]/[create_live] 点击请选择教室 
[2024-03-28 09:45:40] [INFO] [create_live_page.py]/[line: 42]/[create_live] 选择教室 
[2024-03-28 09:45:40] [INFO] [create_live_page.py]/[line: 44]/[create_live] 点击保存 
[2024-03-28 09:45:42] [INFO] [create_live_page.py]/[line: 59]/[click_live_manage] 点击直播管理,跳转到直播列表页面，清理数据 
[2024-03-28 09:45:42] [INFO] [live_list_page.py]/[line: 29]/[delete_live] 点击删除按钮 
[2024-03-28 09:45:43] [INFO] [live_list_page.py]/[line: 31]/[delete_live] 弹框点击确定 
[2024-03-28 09:45:43] [INFO] [live_list_page.py]/[line: 38]/[get_del_result] 获取冒泡消息文本 
[2024-03-28 09:45:45] [INFO] [live_list_page.py]/[line: 42]/[get_del_result] 冒泡信息为：直播删除成功 
[2024-03-28 09:56:13] [INFO] [create_live_page.py]/[line: 28]/[create_live] 输入直播名称 
[2024-03-28 09:56:13] [INFO] [create_live_page.py]/[line: 30]/[create_live] 输入直播介绍 
[2024-03-28 09:56:13] [INFO] [create_live_page.py]/[line: 32]/[create_live] 向下滑动屏幕 
[2024-03-28 09:56:13] [INFO] [create_live_page.py]/[line: 34]/[create_live] 点击选择老师 
[2024-03-28 09:56:13] [INFO] [create_live_page.py]/[line: 36]/[create_live] 选择老师 
[2024-03-28 09:57:02] [INFO] [create_live_page.py]/[line: 28]/[create_live] 输入直播名称 
[2024-03-28 09:57:02] [INFO] [create_live_page.py]/[line: 30]/[create_live] 输入直播介绍 
[2024-03-28 09:57:02] [INFO] [create_live_page.py]/[line: 32]/[create_live] 向下滑动屏幕 
[2024-03-28 09:57:02] [INFO] [create_live_page.py]/[line: 34]/[create_live] 点击选择老师 
[2024-03-28 09:57:02] [INFO] [create_live_page.py]/[line: 36]/[create_live] 选择老师 
[2024-03-28 09:58:06] [INFO] [create_live_page.py]/[line: 28]/[create_live] 输入直播名称 
[2024-03-28 09:58:07] [INFO] [create_live_page.py]/[line: 30]/[create_live] 输入直播介绍 
[2024-03-28 09:58:07] [INFO] [create_live_page.py]/[line: 32]/[create_live] 向下滑动屏幕 
[2024-03-28 09:58:07] [INFO] [create_live_page.py]/[line: 34]/[create_live] 点击选择老师 
[2024-03-28 09:58:07] [INFO] [create_live_page.py]/[line: 36]/[create_live] 选择老师 
[2024-03-28 10:00:10] [INFO] [create_live_page.py]/[line: 28]/[create_live] 输入直播名称 
[2024-03-28 10:00:10] [INFO] [create_live_page.py]/[line: 30]/[create_live] 输入直播介绍 
[2024-03-28 10:00:10] [INFO] [create_live_page.py]/[line: 32]/[create_live] 向下滑动屏幕 
[2024-03-28 10:00:10] [INFO] [create_live_page.py]/[line: 34]/[create_live] 点击选择老师 
[2024-03-28 10:00:10] [INFO] [create_live_page.py]/[line: 36]/[create_live] 选择老师 
[2024-03-28 10:01:51] [INFO] [create_live_page.py]/[line: 28]/[create_live] 输入直播名称 
[2024-03-28 10:01:51] [INFO] [create_live_page.py]/[line: 30]/[create_live] 输入直播介绍 
[2024-03-28 10:01:51] [INFO] [create_live_page.py]/[line: 32]/[create_live] 向下滑动屏幕 
[2024-03-28 10:01:53] [INFO] [create_live_page.py]/[line: 35]/[create_live] 点击选择老师 
[2024-03-28 10:01:53] [INFO] [create_live_page.py]/[line: 37]/[create_live] 选择老师 
[2024-03-28 10:03:05] [INFO] [create_live_page.py]/[line: 28]/[create_live] 输入直播名称 
[2024-03-28 10:03:05] [INFO] [create_live_page.py]/[line: 30]/[create_live] 输入直播介绍 
[2024-03-28 10:03:05] [INFO] [create_live_page.py]/[line: 32]/[create_live] 向下滑动屏幕 
[2024-03-28 10:03:05] [INFO] [create_live_page.py]/[line: 34]/[create_live] 点击选择老师 
[2024-03-28 10:03:07] [INFO] [create_live_page.py]/[line: 37]/[create_live] 选择老师 
[2024-03-28 10:04:18] [INFO] [create_live_page.py]/[line: 28]/[create_live] 输入直播名称 
[2024-03-28 10:04:18] [INFO] [create_live_page.py]/[line: 30]/[create_live] 输入直播介绍 
[2024-03-28 10:04:18] [INFO] [create_live_page.py]/[line: 32]/[create_live] 向下滑动屏幕 
[2024-03-28 10:04:18] [INFO] [create_live_page.py]/[line: 34]/[create_live] 点击选择老师 
[2024-03-28 10:04:20] [INFO] [create_live_page.py]/[line: 37]/[create_live] 选择老师 
[2024-03-28 10:07:12] [INFO] [create_live_page.py]/[line: 28]/[create_live] 输入直播名称 
[2024-03-28 10:07:12] [INFO] [create_live_page.py]/[line: 30]/[create_live] 输入直播介绍 
[2024-03-28 10:07:12] [INFO] [create_live_page.py]/[line: 32]/[create_live] 向下滑动屏幕 
[2024-03-28 10:07:12] [INFO] [create_live_page.py]/[line: 34]/[create_live] 点击选择老师 
[2024-03-28 10:07:14] [INFO] [create_live_page.py]/[line: 37]/[create_live] 选择老师 
[2024-03-28 10:09:08] [INFO] [create_live_page.py]/[line: 28]/[create_live] 输入直播名称 
[2024-03-28 10:09:08] [INFO] [create_live_page.py]/[line: 30]/[create_live] 输入直播介绍 
[2024-03-28 10:09:08] [INFO] [create_live_page.py]/[line: 32]/[create_live] 向下滑动屏幕 
[2024-03-28 10:09:08] [INFO] [create_live_page.py]/[line: 34]/[create_live] 点击选择老师 
[2024-03-28 10:09:10] [INFO] [create_live_page.py]/[line: 37]/[create_live] 选择老师 
[2024-03-28 10:09:10] [INFO] [create_live_page.py]/[line: 39]/[create_live] 点击请选择教室 
[2024-03-28 10:13:28] [INFO] [create_live_page.py]/[line: 28]/[create_live] 输入直播名称 
[2024-03-28 10:13:28] [INFO] [create_live_page.py]/[line: 30]/[create_live] 输入直播介绍 
[2024-03-28 10:13:28] [INFO] [create_live_page.py]/[line: 32]/[create_live] 向下滑动屏幕 
[2024-03-28 10:13:28] [INFO] [create_live_page.py]/[line: 34]/[create_live] 点击选择老师 
[2024-03-28 10:13:28] [INFO] [create_live_page.py]/[line: 36]/[create_live] 选择老师 
[2024-03-28 10:13:28] [INFO] [create_live_page.py]/[line: 38]/[create_live] 点击请选择教室 
[2024-03-28 10:13:29] [INFO] [create_live_page.py]/[line: 42]/[create_live] 选择教室 
[2024-03-28 10:13:29] [INFO] [create_live_page.py]/[line: 44]/[create_live] 点击保存 
[2024-03-28 10:13:31] [INFO] [create_live_page.py]/[line: 51]/[get_operate_result] 获取冒泡消息文本 
[2024-03-28 10:13:31] [INFO] [create_live_page.py]/[line: 54]/[get_operate_result] 冒泡信息为：直播信息保存成功 
[2024-03-28 10:13:31] [INFO] [create_live_page.py]/[line: 59]/[click_live_manage] 点击直播管理,跳转到直播列表页面，清理数据 
[2024-03-28 10:13:31] [INFO] [live_list_page.py]/[line: 29]/[delete_live] 点击删除按钮 
[2024-03-28 10:13:32] [INFO] [live_list_page.py]/[line: 31]/[delete_live] 弹框点击确定 
[2024-03-28 10:13:35] [INFO] [create_live_page.py]/[line: 28]/[create_live] 输入直播名称 
[2024-03-28 10:13:35] [INFO] [create_live_page.py]/[line: 30]/[create_live] 输入直播介绍 
[2024-03-28 10:13:35] [INFO] [create_live_page.py]/[line: 32]/[create_live] 向下滑动屏幕 
[2024-03-28 10:13:35] [INFO] [create_live_page.py]/[line: 34]/[create_live] 点击选择老师 
[2024-03-28 10:14:30] [INFO] [create_live_page.py]/[line: 28]/[create_live] 输入直播名称 
[2024-03-28 10:14:30] [INFO] [create_live_page.py]/[line: 30]/[create_live] 输入直播介绍 
[2024-03-28 10:14:30] [INFO] [create_live_page.py]/[line: 32]/[create_live] 向下滑动屏幕 
[2024-03-28 10:14:30] [INFO] [create_live_page.py]/[line: 34]/[create_live] 点击选择老师 
[2024-03-28 10:14:30] [INFO] [create_live_page.py]/[line: 36]/[create_live] 选择老师 
[2024-03-28 10:14:30] [INFO] [create_live_page.py]/[line: 38]/[create_live] 点击请选择教室 
[2024-03-28 10:14:31] [INFO] [create_live_page.py]/[line: 42]/[create_live] 选择教室 
[2024-03-28 10:14:31] [INFO] [create_live_page.py]/[line: 44]/[create_live] 点击保存 
[2024-03-28 10:14:33] [INFO] [create_live_page.py]/[line: 51]/[get_operate_result] 获取冒泡消息文本 
[2024-03-28 10:14:33] [INFO] [create_live_page.py]/[line: 54]/[get_operate_result] 冒泡信息为：直播信息保存成功 
[2024-03-28 10:14:33] [INFO] [create_live_page.py]/[line: 59]/[click_live_manage] 点击直播管理,跳转到直播列表页面，清理数据 
[2024-03-28 10:14:33] [INFO] [live_list_page.py]/[line: 29]/[delete_live] 点击删除按钮 
[2024-03-28 10:14:34] [INFO] [live_list_page.py]/[line: 31]/[delete_live] 弹框点击确定 
[2024-03-28 10:14:36] [INFO] [create_live_page.py]/[line: 28]/[create_live] 输入直播名称 
[2024-03-28 10:14:37] [INFO] [create_live_page.py]/[line: 30]/[create_live] 输入直播介绍 
[2024-03-28 10:14:37] [INFO] [create_live_page.py]/[line: 32]/[create_live] 向下滑动屏幕 
[2024-03-28 10:14:37] [INFO] [create_live_page.py]/[line: 34]/[create_live] 点击选择老师 
[2024-03-28 10:16:37] [INFO] [create_live_page.py]/[line: 28]/[create_live] 输入直播名称 
[2024-03-28 10:16:37] [INFO] [create_live_page.py]/[line: 30]/[create_live] 输入直播介绍 
[2024-03-28 10:16:37] [INFO] [create_live_page.py]/[line: 32]/[create_live] 向下滑动屏幕 
[2024-03-28 10:16:37] [INFO] [create_live_page.py]/[line: 34]/[create_live] 点击选择老师 
[2024-03-28 10:16:37] [INFO] [create_live_page.py]/[line: 36]/[create_live] 选择老师 
[2024-03-28 10:16:37] [INFO] [create_live_page.py]/[line: 38]/[create_live] 点击请选择教室 
[2024-03-28 10:16:38] [INFO] [create_live_page.py]/[line: 42]/[create_live] 选择教室 
[2024-03-28 10:16:38] [INFO] [create_live_page.py]/[line: 44]/[create_live] 点击保存 
[2024-03-28 10:16:40] [INFO] [create_live_page.py]/[line: 59]/[click_live_manage] 点击直播管理,跳转到直播列表页面，清理数据 
[2024-03-28 10:16:40] [INFO] [live_list_page.py]/[line: 29]/[delete_live] 点击删除按钮 
[2024-03-28 10:16:41] [INFO] [live_list_page.py]/[line: 31]/[delete_live] 弹框点击确定 
[2024-03-28 10:16:41] [INFO] [live_list_page.py]/[line: 38]/[get_del_result] 获取冒泡消息文本 
[2024-03-28 10:16:43] [INFO] [live_list_page.py]/[line: 42]/[get_del_result] 冒泡信息为：直播删除成功 
[2024-03-28 10:17:43] [INFO] [create_live_page.py]/[line: 28]/[create_live] 输入直播名称 
[2024-03-28 10:17:43] [INFO] [create_live_page.py]/[line: 30]/[create_live] 输入直播介绍 
[2024-03-28 10:17:43] [INFO] [create_live_page.py]/[line: 32]/[create_live] 向下滑动屏幕 
[2024-03-28 10:17:43] [INFO] [create_live_page.py]/[line: 34]/[create_live] 点击选择老师 
[2024-03-28 10:17:43] [INFO] [create_live_page.py]/[line: 36]/[create_live] 选择老师 
[2024-03-28 10:17:43] [INFO] [create_live_page.py]/[line: 38]/[create_live] 点击请选择教室 
[2024-03-28 10:17:44] [INFO] [create_live_page.py]/[line: 42]/[create_live] 选择教室 
[2024-03-28 10:17:44] [INFO] [create_live_page.py]/[line: 44]/[create_live] 点击保存 
[2024-03-28 10:17:46] [INFO] [create_live_page.py]/[line: 51]/[get_operate_result] 获取冒泡消息文本 
[2024-03-28 10:17:46] [INFO] [create_live_page.py]/[line: 54]/[get_operate_result] 冒泡信息为：直播信息保存成功 
[2024-03-28 10:17:46] [INFO] [create_live_page.py]/[line: 59]/[click_live_manage] 点击直播管理,跳转到直播列表页面，清理数据 
[2024-03-28 10:17:46] [INFO] [live_list_page.py]/[line: 29]/[delete_live] 点击删除按钮 
[2024-03-28 10:17:47] [INFO] [live_list_page.py]/[line: 31]/[delete_live] 弹框点击确定 
[2024-03-28 10:17:50] [INFO] [create_live_page.py]/[line: 28]/[create_live] 输入直播名称 
[2024-03-28 10:17:50] [INFO] [create_live_page.py]/[line: 30]/[create_live] 输入直播介绍 
[2024-03-28 10:17:50] [INFO] [create_live_page.py]/[line: 32]/[create_live] 向下滑动屏幕 
[2024-03-28 10:17:50] [INFO] [create_live_page.py]/[line: 34]/[create_live] 点击选择老师 
[2024-03-28 10:23:25] [INFO] [create_live_page.py]/[line: 28]/[create_live] 输入直播名称 
[2024-03-28 10:23:25] [INFO] [create_live_page.py]/[line: 30]/[create_live] 输入直播介绍 
[2024-03-28 10:23:25] [INFO] [create_live_page.py]/[line: 32]/[create_live] 向下滑动屏幕 
[2024-03-28 10:23:26] [INFO] [create_live_page.py]/[line: 34]/[create_live] 点击选择老师 
[2024-03-28 10:23:28] [INFO] [create_live_page.py]/[line: 37]/[create_live] 选择老师 
[2024-03-28 10:23:28] [INFO] [create_live_page.py]/[line: 39]/[create_live] 点击请选择教室 
[2024-03-28 10:23:29] [INFO] [create_live_page.py]/[line: 43]/[create_live] 选择教室 
[2024-03-28 10:23:29] [INFO] [create_live_page.py]/[line: 45]/[create_live] 点击保存 
[2024-03-28 10:23:31] [INFO] [create_live_page.py]/[line: 52]/[get_operate_result] 获取冒泡消息文本 
[2024-03-28 10:23:31] [INFO] [create_live_page.py]/[line: 55]/[get_operate_result] 冒泡信息为：直播信息保存成功 
[2024-03-28 10:23:31] [INFO] [create_live_page.py]/[line: 60]/[click_live_manage] 点击直播管理,跳转到直播列表页面，清理数据 
[2024-03-28 10:23:31] [INFO] [live_list_page.py]/[line: 29]/[delete_live] 点击删除按钮 
[2024-03-28 10:23:32] [INFO] [live_list_page.py]/[line: 31]/[delete_live] 弹框点击确定 
[2024-03-28 10:23:34] [INFO] [create_live_page.py]/[line: 28]/[create_live] 输入直播名称 
[2024-03-28 10:23:34] [INFO] [create_live_page.py]/[line: 30]/[create_live] 输入直播介绍 
[2024-03-28 10:23:34] [INFO] [create_live_page.py]/[line: 32]/[create_live] 向下滑动屏幕 
[2024-03-28 10:23:34] [INFO] [create_live_page.py]/[line: 34]/[create_live] 点击选择老师 
[2024-03-28 10:23:36] [INFO] [create_live_page.py]/[line: 37]/[create_live] 选择老师 
[2024-03-28 10:23:37] [INFO] [create_live_page.py]/[line: 39]/[create_live] 点击请选择教室 
[2024-03-28 10:23:38] [INFO] [create_live_page.py]/[line: 43]/[create_live] 选择教室 
[2024-03-28 10:23:38] [INFO] [create_live_page.py]/[line: 45]/[create_live] 点击保存 
[2024-03-28 10:23:40] [INFO] [create_live_page.py]/[line: 60]/[click_live_manage] 点击直播管理,跳转到直播列表页面，清理数据 
[2024-03-28 10:23:40] [INFO] [live_list_page.py]/[line: 29]/[delete_live] 点击删除按钮 
[2024-03-28 10:23:41] [INFO] [live_list_page.py]/[line: 31]/[delete_live] 弹框点击确定 
[2024-03-28 10:23:41] [INFO] [live_list_page.py]/[line: 38]/[get_del_result] 获取冒泡消息文本 
[2024-03-28 10:23:43] [INFO] [live_list_page.py]/[line: 42]/[get_del_result] 冒泡信息为：直播删除成功 
[2024-03-28 10:24:55] [INFO] [create_live_page.py]/[line: 28]/[create_live] 输入直播名称 
[2024-03-28 10:24:55] [INFO] [create_live_page.py]/[line: 30]/[create_live] 输入直播介绍 
[2024-03-28 10:24:55] [INFO] [create_live_page.py]/[line: 32]/[create_live] 向下滑动屏幕 
[2024-03-28 10:24:55] [INFO] [create_live_page.py]/[line: 34]/[create_live] 点击选择老师 
[2024-03-28 10:24:57] [INFO] [create_live_page.py]/[line: 37]/[create_live] 选择老师 
[2024-03-28 10:24:57] [INFO] [create_live_page.py]/[line: 39]/[create_live] 点击请选择教室 
[2024-03-28 10:24:58] [INFO] [create_live_page.py]/[line: 43]/[create_live] 选择教室 
[2024-03-28 10:24:58] [INFO] [create_live_page.py]/[line: 45]/[create_live] 点击保存 
[2024-03-28 10:25:00] [INFO] [create_live_page.py]/[line: 52]/[get_operate_result] 获取冒泡消息文本 
[2024-03-28 10:25:00] [INFO] [create_live_page.py]/[line: 55]/[get_operate_result] 冒泡信息为：直播信息保存成功 
[2024-03-28 10:25:00] [INFO] [create_live_page.py]/[line: 60]/[click_live_manage] 点击直播管理,跳转到直播列表页面，清理数据 
[2024-03-28 10:25:01] [INFO] [live_list_page.py]/[line: 29]/[delete_live] 点击删除按钮 
[2024-03-28 10:25:02] [INFO] [live_list_page.py]/[line: 31]/[delete_live] 弹框点击确定 
[2024-03-28 10:25:04] [INFO] [create_live_page.py]/[line: 28]/[create_live] 输入直播名称 
[2024-03-28 10:25:04] [INFO] [create_live_page.py]/[line: 30]/[create_live] 输入直播介绍 
[2024-03-28 10:25:04] [INFO] [create_live_page.py]/[line: 32]/[create_live] 向下滑动屏幕 
[2024-03-28 10:25:04] [INFO] [create_live_page.py]/[line: 34]/[create_live] 点击选择老师 
[2024-03-28 10:25:06] [INFO] [create_live_page.py]/[line: 37]/[create_live] 选择老师 
[2024-03-28 10:25:06] [INFO] [create_live_page.py]/[line: 39]/[create_live] 点击请选择教室 
[2024-03-28 10:25:07] [INFO] [create_live_page.py]/[line: 43]/[create_live] 选择教室 
[2024-03-28 10:25:07] [INFO] [create_live_page.py]/[line: 45]/[create_live] 点击保存 
[2024-03-28 10:25:09] [INFO] [create_live_page.py]/[line: 60]/[click_live_manage] 点击直播管理,跳转到直播列表页面，清理数据 
[2024-03-28 10:25:09] [INFO] [live_list_page.py]/[line: 29]/[delete_live] 点击删除按钮 
[2024-03-28 10:25:10] [INFO] [live_list_page.py]/[line: 31]/[delete_live] 弹框点击确定 
[2024-03-28 10:25:10] [INFO] [live_list_page.py]/[line: 38]/[get_del_result] 获取冒泡消息文本 
[2024-03-28 10:25:13] [INFO] [live_list_page.py]/[line: 42]/[get_del_result] 冒泡信息为：直播删除成功 
[2024-03-28 10:56:29] [INFO] [create_live_page.py]/[line: 31]/[create_live] 输入直播名称 
[2024-03-28 10:56:29] [INFO] [create_live_page.py]/[line: 33]/[create_live] 输入直播介绍 
[2024-03-28 10:56:29] [INFO] [create_live_page.py]/[line: 35]/[create_live] 向下滑动屏幕 
[2024-03-28 10:56:29] [INFO] [create_live_page.py]/[line: 37]/[create_live] 点击选择老师 
[2024-03-28 10:56:31] [INFO] [create_live_page.py]/[line: 40]/[create_live] 选择老师 
[2024-03-28 10:56:31] [INFO] [create_live_page.py]/[line: 42]/[create_live] 点击请选择教室 
[2024-03-28 10:56:32] [INFO] [create_live_page.py]/[line: 46]/[create_live] 选择教室 
[2024-03-28 10:56:32] [INFO] [create_live_page.py]/[line: 48]/[create_live] 点击保存 
[2024-03-28 10:56:34] [INFO] [create_live_page.py]/[line: 55]/[get_operate_result] 获取冒泡消息文本 
[2024-03-28 10:56:34] [INFO] [create_live_page.py]/[line: 58]/[get_operate_result] 冒泡信息为：直播信息保存成功 
[2024-03-28 10:56:34] [INFO] [create_live_page.py]/[line: 63]/[click_live_manage] 点击直播管理,跳转到直播列表页面，清理数据 
[2024-03-28 10:56:35] [INFO] [live_list_page.py]/[line: 29]/[delete_live] 点击删除按钮 
[2024-03-28 10:56:36] [INFO] [live_list_page.py]/[line: 31]/[delete_live] 弹框点击确定 
[2024-03-28 10:56:38] [INFO] [create_live_page.py]/[line: 31]/[create_live] 输入直播名称 
[2024-03-28 10:56:38] [INFO] [create_live_page.py]/[line: 33]/[create_live] 输入直播介绍 
[2024-03-28 10:56:38] [INFO] [create_live_page.py]/[line: 35]/[create_live] 向下滑动屏幕 
[2024-03-28 10:56:38] [INFO] [create_live_page.py]/[line: 37]/[create_live] 点击选择老师 
[2024-03-28 10:56:40] [INFO] [create_live_page.py]/[line: 40]/[create_live] 选择老师 
[2024-03-28 10:56:40] [INFO] [create_live_page.py]/[line: 42]/[create_live] 点击请选择教室 
[2024-03-28 10:56:41] [INFO] [create_live_page.py]/[line: 46]/[create_live] 选择教室 
[2024-03-28 10:56:41] [INFO] [create_live_page.py]/[line: 48]/[create_live] 点击保存 
[2024-03-28 10:56:43] [INFO] [create_live_page.py]/[line: 63]/[click_live_manage] 点击直播管理,跳转到直播列表页面，清理数据 
[2024-03-28 10:56:43] [INFO] [live_list_page.py]/[line: 29]/[delete_live] 点击删除按钮 
[2024-03-28 10:56:44] [INFO] [live_list_page.py]/[line: 31]/[delete_live] 弹框点击确定 
[2024-03-28 10:56:45] [INFO] [live_list_page.py]/[line: 38]/[get_del_result] 获取冒泡消息文本 
[2024-03-28 10:56:47] [INFO] [live_list_page.py]/[line: 42]/[get_del_result] 冒泡信息为：直播删除成功 
[2024-03-28 11:04:26] [INFO] [create_live_page.py]/[line: 29]/[create_live] 输入直播名称 
[2024-03-28 11:04:26] [INFO] [create_live_page.py]/[line: 31]/[create_live] 输入直播介绍 
[2024-03-28 11:04:26] [INFO] [create_live_page.py]/[line: 33]/[create_live] 向下滑动屏幕 
[2024-03-28 11:04:26] [INFO] [create_live_page.py]/[line: 35]/[create_live] 点击选择老师 
[2024-03-28 11:04:28] [INFO] [create_live_page.py]/[line: 38]/[create_live] 选择老师 
[2024-03-28 11:04:28] [INFO] [create_live_page.py]/[line: 40]/[create_live] 点击请选择教室 
[2024-03-28 11:04:29] [INFO] [create_live_page.py]/[line: 44]/[create_live] 选择教室 
[2024-03-28 11:04:29] [INFO] [create_live_page.py]/[line: 46]/[create_live] 点击保存 
[2024-03-28 11:04:31] [INFO] [create_live_page.py]/[line: 53]/[get_operate_result] 获取冒泡消息文本 
[2024-03-28 11:04:31] [INFO] [create_live_page.py]/[line: 56]/[get_operate_result] 冒泡信息为：直播信息保存成功 
[2024-03-28 11:04:31] [INFO] [create_live_page.py]/[line: 61]/[click_live_manage] 点击直播管理,跳转到直播列表页面，清理数据 
[2024-03-28 11:04:32] [INFO] [live_list_page.py]/[line: 29]/[delete_live] 点击删除按钮 
[2024-03-28 11:04:33] [INFO] [live_list_page.py]/[line: 31]/[delete_live] 弹框点击确定 
[2024-03-28 11:04:35] [INFO] [create_live_page.py]/[line: 29]/[create_live] 输入直播名称 
[2024-03-28 11:04:35] [INFO] [create_live_page.py]/[line: 31]/[create_live] 输入直播介绍 
[2024-03-28 11:04:35] [INFO] [create_live_page.py]/[line: 33]/[create_live] 向下滑动屏幕 
[2024-03-28 11:04:35] [INFO] [create_live_page.py]/[line: 35]/[create_live] 点击选择老师 
[2024-03-28 11:04:37] [INFO] [create_live_page.py]/[line: 38]/[create_live] 选择老师 
[2024-03-28 11:04:37] [INFO] [create_live_page.py]/[line: 40]/[create_live] 点击请选择教室 
[2024-03-28 11:04:38] [INFO] [create_live_page.py]/[line: 44]/[create_live] 选择教室 
[2024-03-28 11:04:38] [INFO] [create_live_page.py]/[line: 46]/[create_live] 点击保存 
[2024-03-28 11:04:40] [INFO] [create_live_page.py]/[line: 61]/[click_live_manage] 点击直播管理,跳转到直播列表页面，清理数据 
[2024-03-28 11:04:40] [INFO] [live_list_page.py]/[line: 29]/[delete_live] 点击删除按钮 
[2024-03-28 11:04:41] [INFO] [live_list_page.py]/[line: 31]/[delete_live] 弹框点击确定 
[2024-03-28 11:04:42] [INFO] [live_list_page.py]/[line: 38]/[get_del_result] 获取冒泡消息文本 
[2024-03-28 11:04:44] [INFO] [live_list_page.py]/[line: 42]/[get_del_result] 冒泡信息为：直播删除成功 
